{
  "uid" : "2746577df46590ec",
  "name" : "搜索项目用例",
  "fullName" : "test_project_manager.Test_project_management#test_searchProjectStatus",
  "historyId" : "cbf9a2c4cc9f8527fbd35bd051417a10",
  "time" : {
    "start" : 1595771794995,
    "stop" : 1595771805884,
    "duration" : 10889
  },
  "status" : "broken",
  "statusMessage" : "selenium.common.exceptions.TimeoutException: Message:",
  "statusTrace" : "self = <testcase.test_project_manager.Test_project_management object at 0x0000000002AC1850>\n\n    @allure.story('搜索项目状态')\n    @allure.title('搜索项目用例')\n    def test_searchProjectStatus(self):\n        LogAction.printlog('DEBUG', '搜索项目用例开始执行')\n        # 进入 项目管理  界面\n        ProjectManagementPageObj.go_to_project_manager_page()\n        with allure.step('步骤一、选择项目状态为进行'):\n>           ProjectManagementPageObj.selectProjectStatusAction('进行')\n\ntest_project_manager.py:59: \n_ _ _ _ _ _ _ _ _ _ _ _ _ _ _ _ _ _ _ _ _ _ _ _ _ _ _ _ _ _ _ _ _ _ _ _ _ _ _ _\n..\\pages\\project_manager_page.py:114: in selectProjectStatusAction\n    return Select(self.selectProjectStatus()).select_by_visible_text(project_status)\n..\\pages\\project_manager_page.py:53: in selectProjectStatus\n    return self.find_element(self.projectStatusLocator)\n..\\Lib\\findElement.py:22: in find_element\n    WebDriverWait(driver=self.driver, timeout=TIMEOUT, poll_frequency=POLL_FREQUENCY).until(\n_ _ _ _ _ _ _ _ _ _ _ _ _ _ _ _ _ _ _ _ _ _ _ _ _ _ _ _ _ _ _ _ _ _ _ _ _ _ _ _\n\nself = <selenium.webdriver.support.wait.WebDriverWait (session=\"8db2a62c5c27745c08f934ae6306cf0a\")>\nmethod = <selenium.webdriver.support.expected_conditions.visibility_of_element_located object at 0x0000000002AC1B20>\nmessage = ''\n\n    def until(self, method, message=''):\n        \"\"\"Calls the method provided with the driver as an argument until the \\\n        return value is not False.\"\"\"\n        screen = None\n        stacktrace = None\n    \n        end_time = time.time() + self._timeout\n        while True:\n            try:\n                value = method(self._driver)\n                if value:\n                    return value\n            except self._ignored_exceptions as exc:\n                screen = getattr(exc, 'screen', None)\n                stacktrace = getattr(exc, 'stacktrace', None)\n            time.sleep(self._poll)\n            if time.time() > end_time:\n                break\n>       raise TimeoutException(message, screen, stacktrace)\nE       selenium.common.exceptions.TimeoutException: Message:\n\ng:\\python\\lib\\site-packages\\selenium\\webdriver\\support\\wait.py:80: TimeoutException",
  "flaky" : false,
  "newFailed" : false,
  "beforeStages" : [ {
    "name" : "setup",
    "time" : {
      "start" : 1595771783331,
      "stop" : 1595771783344,
      "duration" : 13
    },
    "status" : "passed",
    "steps" : [ ],
    "attachments" : [ ],
    "parameters" : [ ],
    "stepsCount" : 0,
    "hasContent" : false,
    "attachmentsCount" : 0,
    "shouldDisplayMessage" : false
  } ],
  "testStage" : {
    "status" : "broken",
    "statusMessage" : "selenium.common.exceptions.TimeoutException: Message:",
    "statusTrace" : "self = <testcase.test_project_manager.Test_project_management object at 0x0000000002AC1850>\n\n    @allure.story('搜索项目状态')\n    @allure.title('搜索项目用例')\n    def test_searchProjectStatus(self):\n        LogAction.printlog('DEBUG', '搜索项目用例开始执行')\n        # 进入 项目管理  界面\n        ProjectManagementPageObj.go_to_project_manager_page()\n        with allure.step('步骤一、选择项目状态为进行'):\n>           ProjectManagementPageObj.selectProjectStatusAction('进行')\n\ntest_project_manager.py:59: \n_ _ _ _ _ _ _ _ _ _ _ _ _ _ _ _ _ _ _ _ _ _ _ _ _ _ _ _ _ _ _ _ _ _ _ _ _ _ _ _\n..\\pages\\project_manager_page.py:114: in selectProjectStatusAction\n    return Select(self.selectProjectStatus()).select_by_visible_text(project_status)\n..\\pages\\project_manager_page.py:53: in selectProjectStatus\n    return self.find_element(self.projectStatusLocator)\n..\\Lib\\findElement.py:22: in find_element\n    WebDriverWait(driver=self.driver, timeout=TIMEOUT, poll_frequency=POLL_FREQUENCY).until(\n_ _ _ _ _ _ _ _ _ _ _ _ _ _ _ _ _ _ _ _ _ _ _ _ _ _ _ _ _ _ _ _ _ _ _ _ _ _ _ _\n\nself = <selenium.webdriver.support.wait.WebDriverWait (session=\"8db2a62c5c27745c08f934ae6306cf0a\")>\nmethod = <selenium.webdriver.support.expected_conditions.visibility_of_element_located object at 0x0000000002AC1B20>\nmessage = ''\n\n    def until(self, method, message=''):\n        \"\"\"Calls the method provided with the driver as an argument until the \\\n        return value is not False.\"\"\"\n        screen = None\n        stacktrace = None\n    \n        end_time = time.time() + self._timeout\n        while True:\n            try:\n                value = method(self._driver)\n                if value:\n                    return value\n            except self._ignored_exceptions as exc:\n                screen = getattr(exc, 'screen', None)\n                stacktrace = getattr(exc, 'stacktrace', None)\n            time.sleep(self._poll)\n            if time.time() > end_time:\n                break\n>       raise TimeoutException(message, screen, stacktrace)\nE       selenium.common.exceptions.TimeoutException: Message:\n\ng:\\python\\lib\\site-packages\\selenium\\webdriver\\support\\wait.py:80: TimeoutException",
    "steps" : [ {
      "name" : "步骤一、选择项目状态为进行",
      "time" : {
        "start" : 1595771795736,
        "stop" : 1595771805883,
        "duration" : 10147
      },
      "status" : "broken",
      "statusMessage" : "selenium.common.exceptions.TimeoutException: Message: \n\n",
      "statusTrace" : "  File \"G:\\Python_webUI\\testcase\\test_project_manager.py\", line 59, in test_searchProjectStatus\n    ProjectManagementPageObj.selectProjectStatusAction('进行')\n  File \"G:\\Python_webUI\\pages\\project_manager_page.py\", line 114, in selectProjectStatusAction\n    return Select(self.selectProjectStatus()).select_by_visible_text(project_status)\n  File \"G:\\Python_webUI\\pages\\project_manager_page.py\", line 53, in selectProjectStatus\n    return self.find_element(self.projectStatusLocator)\n  File \"G:\\Python_webUI\\Lib\\findElement.py\", line 22, in find_element\n    WebDriverWait(driver=self.driver, timeout=TIMEOUT, poll_frequency=POLL_FREQUENCY).until(\n  File \"g:\\python\\lib\\site-packages\\selenium\\webdriver\\support\\wait.py\", line 80, in until\n    raise TimeoutException(message, screen, stacktrace)\n",
      "steps" : [ ],
      "attachments" : [ ],
      "parameters" : [ ],
      "stepsCount" : 0,
      "hasContent" : true,
      "attachmentsCount" : 0,
      "shouldDisplayMessage" : true
    } ],
    "attachments" : [ {
      "uid" : "c6e2ac36aeb2752b",
      "name" : "log",
      "source" : "c6e2ac36aeb2752b.txt",
      "type" : "text/plain",
      "size" : 9179
    } ],
    "parameters" : [ ],
    "stepsCount" : 1,
    "hasContent" : true,
    "attachmentsCount" : 1,
    "shouldDisplayMessage" : true
  },
  "afterStages" : [ {
    "name" : "setup::fin",
    "time" : {
      "start" : 1595771805936,
      "stop" : 1595771805945,
      "duration" : 9
    },
    "status" : "passed",
    "steps" : [ ],
    "attachments" : [ ],
    "parameters" : [ ],
    "stepsCount" : 0,
    "hasContent" : false,
    "attachmentsCount" : 0,
    "shouldDisplayMessage" : false
  } ],
  "labels" : [ {
    "name" : "feature",
    "value" : "项目管理模块"
  }, {
    "name" : "story",
    "value" : "搜索项目状态"
  }, {
    "name" : "suite",
    "value" : "test_project_manager"
  }, {
    "name" : "subSuite",
    "value" : "Test_project_management"
  }, {
    "name" : "host",
    "value" : "Vampire-PC"
  }, {
    "name" : "thread",
    "value" : "7348-MainThread"
  }, {
    "name" : "framework",
    "value" : "pytest"
  }, {
    "name" : "language",
    "value" : "cpython3"
  }, {
    "name" : "package",
    "value" : "test_project_manager"
  }, {
    "name" : "resultFormat",
    "value" : "allure2"
  } ],
  "parameters" : [ ],
  "links" : [ ],
  "hidden" : false,
  "retry" : false,
  "extra" : {
    "severity" : "normal",
    "retries" : [ {
      "uid" : "a401193c09af4a26",
      "status" : "passed",
      "time" : {
        "start" : 1595685378304,
        "stop" : 1595685380792,
        "duration" : 2488
      }
    }, {
      "uid" : "bfa9be00a79f923d",
      "status" : "broken",
      "statusDetails" : "selenium.common.exceptions.TimeoutException: Message:",
      "time" : {
        "start" : 1595638519719,
        "stop" : 1595638530529,
        "duration" : 10810
      }
    }, {
      "uid" : "40345f99369d6d64",
      "status" : "passed",
      "time" : {
        "start" : 1595512603323,
        "stop" : 1595512606239,
        "duration" : 2916
      }
    }, {
      "uid" : "a5a08f880807bc2b",
      "status" : "broken",
      "statusDetails" : "selenium.common.exceptions.TimeoutException: Message:",
      "time" : {
        "start" : 1595426191215,
        "stop" : 1595426201880,
        "duration" : 10665
      }
    }, {
      "uid" : "f5ea913036523f14",
      "status" : "passed",
      "time" : {
        "start" : 1595339825688,
        "stop" : 1595339828354,
        "duration" : 2666
      }
    }, {
      "uid" : "5caf79570f502778",
      "status" : "passed",
      "time" : {
        "start" : 1595253389307,
        "stop" : 1595253392837,
        "duration" : 3530
      }
    } ],
    "categories" : [ {
      "name" : "Test defects",
      "matchedStatuses" : [ ],
      "flaky" : false
    } ],
    "tags" : [ ]
  },
  "source" : "2746577df46590ec.json",
  "parameterValues" : [ ]
}