{
  "uid" : "b10e59b0fbd3859e",
  "name" : "test_checkwork",
  "fullName" : "test_checkwork_manager.Test_checkwork_management#test_checkwork",
  "historyId" : "8ae7ff9eccb6632e6e153c87d40b1a0c",
  "time" : {
    "start" : 1595771772298,
    "stop" : 1595771783218,
    "duration" : 10920
  },
  "status" : "broken",
  "statusMessage" : "selenium.common.exceptions.TimeoutException: Message:",
  "statusTrace" : "self = <testcase.test_checkwork_manager.Test_checkwork_management object at 0x0000000002A8B550>\n\n    def test_checkwork(self):\n        # 进入考勤管理界面\n        CheckworkManagerPageObj.go_to_checkwork_manager_page()\n        # 获取列表中的打卡日期\n>       Cdate = CheckworkManagerPageObj.acquireCheckWorkList()\n\ntest_checkwork_manager.py:21: \n_ _ _ _ _ _ _ _ _ _ _ _ _ _ _ _ _ _ _ _ _ _ _ _ _ _ _ _ _ _ _ _ _ _ _ _ _ _ _ _\n..\\pages\\checkwork_manager_page.py:85: in acquireCheckWorkList\n    for date in self.checkWorkListDate():\n..\\pages\\checkwork_manager_page.py:46: in checkWorkListDate\n    return self.find_elements(self.checkWorkListDateLocator)\n..\\Lib\\findElement.py:33: in find_elements\n    WebDriverWait(driver=self.driver, timeout=TIMEOUT, poll_frequency=POLL_FREQUENCY).until(\n_ _ _ _ _ _ _ _ _ _ _ _ _ _ _ _ _ _ _ _ _ _ _ _ _ _ _ _ _ _ _ _ _ _ _ _ _ _ _ _\n\nself = <selenium.webdriver.support.wait.WebDriverWait (session=\"8db2a62c5c27745c08f934ae6306cf0a\")>\nmethod = <selenium.webdriver.support.expected_conditions.visibility_of_element_located object at 0x0000000002A8B880>\nmessage = ''\n\n    def until(self, method, message=''):\n        \"\"\"Calls the method provided with the driver as an argument until the \\\n        return value is not False.\"\"\"\n        screen = None\n        stacktrace = None\n    \n        end_time = time.time() + self._timeout\n        while True:\n            try:\n                value = method(self._driver)\n                if value:\n                    return value\n            except self._ignored_exceptions as exc:\n                screen = getattr(exc, 'screen', None)\n                stacktrace = getattr(exc, 'stacktrace', None)\n            time.sleep(self._poll)\n            if time.time() > end_time:\n                break\n>       raise TimeoutException(message, screen, stacktrace)\nE       selenium.common.exceptions.TimeoutException: Message:\n\ng:\\python\\lib\\site-packages\\selenium\\webdriver\\support\\wait.py:80: TimeoutException",
  "flaky" : false,
  "newFailed" : false,
  "beforeStages" : [ {
    "name" : "setup",
    "time" : {
      "start" : 1595771759767,
      "stop" : 1595771760361,
      "duration" : 594
    },
    "status" : "passed",
    "steps" : [ ],
    "attachments" : [ ],
    "parameters" : [ ],
    "stepsCount" : 0,
    "hasContent" : false,
    "attachmentsCount" : 0,
    "shouldDisplayMessage" : false
  } ],
  "afterStages" : [ {
    "name" : "setup::fin",
    "time" : {
      "start" : 1595771783291,
      "stop" : 1595771783303,
      "duration" : 12
    },
    "status" : "passed",
    "steps" : [ ],
    "attachments" : [ ],
    "parameters" : [ ],
    "stepsCount" : 0,
    "hasContent" : false,
    "attachmentsCount" : 0,
    "shouldDisplayMessage" : false
  } ],
  "labels" : [ {
    "name" : "feature",
    "value" : "考勤管理模块"
  }, {
    "name" : "suite",
    "value" : "test_checkwork_manager"
  }, {
    "name" : "subSuite",
    "value" : "Test_checkwork_management"
  }, {
    "name" : "host",
    "value" : "Vampire-PC"
  }, {
    "name" : "thread",
    "value" : "7348-MainThread"
  }, {
    "name" : "framework",
    "value" : "pytest"
  }, {
    "name" : "language",
    "value" : "cpython3"
  }, {
    "name" : "package",
    "value" : "test_checkwork_manager"
  }, {
    "name" : "resultFormat",
    "value" : "allure2"
  } ],
  "parameters" : [ ],
  "links" : [ ],
  "hidden" : false,
  "retry" : false,
  "extra" : {
    "severity" : "normal",
    "retries" : [ {
      "uid" : "f376ed923e8c0ab1",
      "status" : "failed",
      "statusDetails" : "AssertionError: assert '21:56:06' in ['21:56:05', '21:55:57', '21:56:47', '20:51:37', '10:40:55']",
      "time" : {
        "start" : 1595685363552,
        "stop" : 1595685368064,
        "duration" : 4512
      }
    }, {
      "uid" : "6fcff96a39581060",
      "status" : "broken",
      "statusDetails" : "selenium.common.exceptions.TimeoutException: Message:",
      "time" : {
        "start" : 1595638474278,
        "stop" : 1595638505460,
        "duration" : 31182
      }
    }, {
      "uid" : "be7ceceaac7d379b",
      "status" : "failed",
      "statusDetails" : "AssertionError: assert '21:55:58' in ['21:55:57', '21:56:47', '20:51:37', '10:40:55']",
      "time" : {
        "start" : 1595512555064,
        "stop" : 1595512559240,
        "duration" : 4176
      }
    }, {
      "uid" : "978db113b3801819",
      "status" : "broken",
      "statusDetails" : "selenium.common.exceptions.TimeoutException: Message:",
      "time" : {
        "start" : 1595426148805,
        "stop" : 1595426159715,
        "duration" : 10910
      }
    }, {
      "uid" : "998ac97dbd1c7c3",
      "status" : "failed",
      "statusDetails" : "AssertionError: assert '21:56:48' in ['21:56:47', '20:51:37', '10:40:55']",
      "time" : {
        "start" : 1595339805340,
        "stop" : 1595339811321,
        "duration" : 5981
      }
    }, {
      "uid" : "e7baa58b09eec40b",
      "status" : "passed",
      "time" : {
        "start" : 1595253353988,
        "stop" : 1595253357276,
        "duration" : 3288
      }
    } ],
    "categories" : [ {
      "name" : "Test defects",
      "matchedStatuses" : [ ],
      "flaky" : false
    } ],
    "tags" : [ ]
  },
  "source" : "b10e59b0fbd3859e.json",
  "parameterValues" : [ ]
}